<?xml version="1.0" encoding="UTF-8"?>
<testsuite name="SoftAssertionsTest" tests="1" skipped="0" failures="0" errors="0" timestamp="2024-12-05T08:00:38" hostname="DESKTOP-9S7F8F1" time="26.463">
  <properties/>
  <testcase name="findExampleJUnit5()" classname="SoftAssertionsTest" time="26.463"/>
  <system-out><![CDATA[]]></system-out>
  <system-err><![CDATA[[Test worker] INFO com.codeborne.selenide.WebDriverThreadLocalContainer - No webdriver is bound to current thread: 1 - let's create a new webdriver
[Test worker] INFO com.codeborne.selenide.impl.FileHelper - Creating folder: C:\Users\Alisa\IdeaProjects\HW4a\build\downloads\1733385638414_16864_1
дек. 05, 2024 11:00:39 AM org.openqa.selenium.devtools.CdpVersionFinder findNearestMatch
WARNING: Unable to find an exact match for CDP version 131, returning the closest version; found: 129; Please update to a Selenium version that supports CDP version 131
[Test worker] INFO com.codeborne.selenide.webdriver.WebDriverFactory - BrowserName=MicrosoftEdge Version=131.0.2903.70 Platform=windows
[Test worker] INFO com.codeborne.selenide.webdriver.WebDriverFactory - Selenide v. 7.5.1
[Test worker] INFO com.codeborne.selenide.webdriver.WebDriverFactory - Selenium WebDriver v. 4.25.0 build revision: 8a8aea2337
[Test worker] INFO com.codeborne.selenide.drivercommands.CreateDriverCommand - Created webdriver in thread 1: EdgeDriver -> EdgeDriver: MicrosoftEdge on windows (7cadd4ed7a17ff2cd474eed00f8e8800), downloadsFolder: C:\Users\Alisa\IdeaProjects\HW4a\build\downloads\1733385638414_16864_1
[Test worker] INFO com.codeborne.selenide.drivercommands.DisposablesRegistry - Register WebDriverInstance[config=com.codeborne.selenide.ThreadLocalSelenideConfig@d4ab71a, webDriver=EdgeDriver: MicrosoftEdge on windows (7cadd4ed7a17ff2cd474eed00f8e8800), proxy=null, downloadsFolder=C:\Users\Alisa\IdeaProjects\HW4a\build\downloads\1733385638414_16864_1] in 1 [size=1]
[Test worker] INFO com.codeborne.selenide.drivercommands.DisposablesRegistry - Add shutdown hook in 1 [size=1]
[Test worker] INFO com.codeborne.selenide.impl.FileHelper - Deleted empty folder: C:\Users\Alisa\IdeaProjects\HW4a\build\downloads\1733385638414_16864_1
[Test worker] INFO com.codeborne.selenide.drivercommands.CloseDriverCommand - Close webdriver: 1 -> EdgeDriver: MicrosoftEdge on windows (7cadd4ed7a17ff2cd474eed00f8e8800)...
[Test worker] INFO com.codeborne.selenide.drivercommands.CloseDriverCommand - Closed webdriver 1 in 1263 ms
[Test worker] INFO com.codeborne.selenide.drivercommands.DisposablesRegistry - Unregister WebDriverInstance[config=com.codeborne.selenide.ThreadLocalSelenideConfig@d4ab71a, webDriver=EdgeDriver: MicrosoftEdge on windows (null), proxy=null, downloadsFolder=C:\Users\Alisa\IdeaProjects\HW4a\build\downloads\1733385638414_16864_1] in 1 [size=0]
]]></system-err>
</testsuite>
